<?xml version="1.0" encoding="UTF-8"?>
<!-- Generated by org.testng.reporters.JUnitReportReporter -->
<testsuite hostname="DESKTOP-RGULHIU" failures="0" tests="1" name="testcases.AddToCartTest" time="90.678" errors="0" timestamp="2024-08-10T19:06:03 EET" skipped="0">
  <testcase classname="testcases.AddToCartTest" name="addToCart" time="90.678"/>
</testsuite> <!-- testcases.AddToCartTest -->
