<?xml version="1.0" encoding="UTF-8"?>
<!-- Generated by org.testng.reporters.JUnitReportReporter -->
<testsuite hostname="DESKTOP-RGULHIU" failures="0" tests="1" name="testcases.Try" time="0.509" errors="0" timestamp="2024-08-09T15:25:25 EET" skipped="0">
  <testcase classname="testcases.Try" name="searchTes" time="0.509"/>
</testsuite> <!-- testcases.Try -->
